  Service.cpp
C:\Users\user\Documents\University Resources\2 Семестър\ООП\Workshops\Week.05\01.Technician_And_Their_Work\Service.cpp(1,10): warning C4067: unexpected tokens following preprocessor directive - expected a newline
C:\Users\user\Documents\University Resources\2 Семестър\ООП\Workshops\Week.05\01.Technician_And_Their_Work\Service.h(3,10): warning C4067: unexpected tokens following preprocessor directive - expected a newline
C:\Users\user\Documents\University Resources\2 Семестър\ООП\Workshops\Week.05\01.Technician_And_Their_Work\Technic.h(2,10): warning C4067: unexpected tokens following preprocessor directive - expected a newline
C:\Users\user\Documents\University Resources\2 Семестър\ООП\Workshops\Week.05\01.Technician_And_Their_Work\Technic.h(3,10): warning C4067: unexpected tokens following preprocessor directive - expected a newline
C:\Users\user\Documents\University Resources\2 Семестър\ООП\Workshops\Week.05\01.Technician_And_Their_Work\BrokenAppliance.h(2,10): warning C4067: unexpected tokens following preprocessor directive - expected a newline
C:\Users\user\Documents\University Resources\2 Семестър\ООП\Workshops\Week.05\01.Technician_And_Their_Work\Service.h(4,10): warning C4067: unexpected tokens following preprocessor directive - expected a newline
C:\Users\user\Documents\University Resources\2 Семестър\ООП\Workshops\Week.05\01.Technician_And_Their_Work\Client.h(2,10): warning C4067: unexpected tokens following preprocessor directive - expected a newline
C:\Users\user\Documents\University Resources\2 Семестър\ООП\Workshops\Week.05\01.Technician_And_Their_Work\Service.cpp(2,10): warning C4067: unexpected tokens following preprocessor directive - expected a newline
C:\Users\user\Documents\University Resources\2 Семестър\ООП\Workshops\Week.05\01.Technician_And_Their_Work\Service.cpp(3,10): warning C4067: unexpected tokens following preprocessor directive - expected a newline
C:\Users\user\Documents\University Resources\2 Семестър\ООП\Workshops\Week.05\01.Technician_And_Their_Work\Service.cpp(4,10): warning C4067: unexpected tokens following preprocessor directive - expected a newline
  Technic.cpp
C:\Users\user\Documents\University Resources\2 Семестър\ООП\Workshops\Week.05\01.Technician_And_Their_Work\Technic.cpp(1,10): warning C4067: unexpected tokens following preprocessor directive - expected a newline
C:\Users\user\Documents\University Resources\2 Семестър\ООП\Workshops\Week.05\01.Technician_And_Their_Work\Technic.h(2,10): warning C4067: unexpected tokens following preprocessor directive - expected a newline
C:\Users\user\Documents\University Resources\2 Семестър\ООП\Workshops\Week.05\01.Technician_And_Their_Work\Technic.h(3,10): warning C4067: unexpected tokens following preprocessor directive - expected a newline
C:\Users\user\Documents\University Resources\2 Семестър\ООП\Workshops\Week.05\01.Technician_And_Their_Work\BrokenAppliance.h(2,10): warning C4067: unexpected tokens following preprocessor directive - expected a newline
C:\Users\user\Documents\University Resources\2 Семестър\ООП\Workshops\Week.05\01.Technician_And_Their_Work\Technic.cpp(3,10): warning C4067: unexpected tokens following preprocessor directive - expected a newline
  main.cpp
C:\Users\user\Documents\University Resources\2 Семестър\ООП\Workshops\Week.05\01.Technician_And_Their_Work\Technic.h(2,10): warning C4067: unexpected tokens following preprocessor directive - expected a newline
C:\Users\user\Documents\University Resources\2 Семестър\ООП\Workshops\Week.05\01.Technician_And_Their_Work\Technic.h(3,10): warning C4067: unexpected tokens following preprocessor directive - expected a newline
C:\Users\user\Documents\University Resources\2 Семестър\ООП\Workshops\Week.05\01.Technician_And_Their_Work\BrokenAppliance.h(2,10): warning C4067: unexpected tokens following preprocessor directive - expected a newline
C:\Users\user\Documents\University Resources\2 Семестър\ООП\Workshops\Week.05\01.Technician_And_Their_Work\Service.h(3,10): warning C4067: unexpected tokens following preprocessor directive - expected a newline
C:\Users\user\Documents\University Resources\2 Семестър\ООП\Workshops\Week.05\01.Technician_And_Their_Work\Service.h(4,10): warning C4067: unexpected tokens following preprocessor directive - expected a newline
C:\Users\user\Documents\University Resources\2 Семестър\ООП\Workshops\Week.05\01.Technician_And_Their_Work\Client.h(2,10): warning C4067: unexpected tokens following preprocessor directive - expected a newline
  Generating Code...
  01.Technician_And_Their_Work.vcxproj -> C:\Users\user\Documents\University Resources\2 Семестър\ООП\Workshops\Week.05\x64\Debug\01.Technician_And_Their_Work.exe
